#
# There is insufficient memory for the Java Runtime Environment to continue.
# Native memory allocation (malloc) failed to allocate 2158416 bytes for Chunk::new
# Possible reasons:
#   The system is out of physical RAM or swap space
#   The process is running with CompressedOops enabled, and the Java Heap may be blocking the growth of the native heap
# Possible solutions:
#   Reduce memory load on the system
#   Increase physical memory or swap space
#   Check if swap backing store is full
#   Decrease Java heap size (-Xmx/-Xms)
#   Decrease number of Java threads
#   Decrease Java thread stack sizes (-Xss)
#   Set larger code cache with -XX:ReservedCodeCacheSize=
#   JVM is running with Unscaled Compressed Oops mode in which the Java heap is
#     placed in the first 4GB address space. The Java Heap base address is the
#     maximum limit for the native heap growth. Please use -XX:HeapBaseMinAddress
#     to set the Java Heap base and to place the Java Heap above 4GB virtual address.
# This output file may be truncated or incomplete.
#
#  Out of Memory Error (./src/hotspot/share/memory/arena.cpp:197), pid=7516, tid=3364
#
# JRE version: OpenJDK Runtime Environment (11.0.10) (build 11.0.10+0-b96-7249189)
# Java VM: OpenJDK 64-Bit Server VM (11.0.10+0-b96-7249189, mixed mode, tiered, compressed oops, g1 gc, windows-amd64)
# No core dump will be written. Minidumps are not enabled by default on client versions of Windows
#

---------------  S U M M A R Y ------------

Command Line: --add-opens=java.base/java.util=ALL-UNNAMED --add-opens=java.base/java.lang=ALL-UNNAMED --add-opens=java.base/java.lang.invoke=ALL-UNNAMED --add-opens=java.base/java.util=ALL-UNNAMED --add-opens=java.prefs/java.util.prefs=ALL-UNNAMED --add-opens=java.prefs/java.util.prefs=ALL-UNNAMED --add-opens=java.base/java.nio.charset=ALL-UNNAMED --add-opens=java.base/java.net=ALL-UNNAMED --add-opens=java.base/java.util.concurrent.atomic=ALL-UNNAMED -Xmx2048m -Dfile.encoding=UTF-8 -Duser.country=ES -Duser.language=es -Duser.variant org.gradle.launcher.daemon.bootstrap.GradleDaemon 7.0.2

Host: Intel(R) Core(TM) i3-7020U CPU @ 2.30GHz, 4 cores, 11G,  Windows 10 , 64 bit Build 19041 (10.0.19041.1741)
Time: Fri Jun 17 23:06:23 2022 Hora estándar de Argentina elapsed time: 48.351145 seconds (0d 0h 0m 48s)

---------------  T H R E A D  ---------------

Current thread (0x000001ecbe1d5800):  JavaThread "C2 CompilerThread1" daemon [_thread_in_native, id=3364, stack(0x000000a7a1600000,0x000000a7a1700000)]


Current CompileTask:
C2:  48351 15522       4       com.sun.xml.internal.stream.events.XMLEventAllocatorImpl::getXMLEvent (634 bytes)

Stack: [0x000000a7a1600000,0x000000a7a1700000]
Native frames: (J=compiled Java code, j=interpreted, Vv=VM code, C=native code)
V  [jvm.dll+0x5ecfaa]
V  [jvm.dll+0x722bd5]
V  [jvm.dll+0x72412d]
V  [jvm.dll+0x7247e3]
V  [jvm.dll+0x242928]
V  [jvm.dll+0xbc4fc]
V  [jvm.dll+0xbca0c]
V  [jvm.dll+0x352d7d]
V  [jvm.dll+0x320ad3]
V  [jvm.dll+0x31ffca]
V  [jvm.dll+0x1fb602]
V  [jvm.dll+0x1fa7f4]
V  [jvm.dll+0x18354c]
V  [jvm.dll+0x208ee7]
V  [jvm.dll+0x207731]
V  [jvm.dll+0x6eb1cf]
V  [jvm.dll+0x6e3d45]
V  [jvm.dll+0x5ebe96]
C  [ucrtbase.dll+0x21bb2]
C  [KERNEL32.DLL+0x17034]
C  [ntdll.dll+0x52651]


---------------  P R O C E S S  ---------------

Threads class SMR info:
_java_thread_list=0x000001ecbe95dac0, length=58, elements={
0x000001ec9c58d000, 0x000001ecb7141800, 0x000001ecb7145000, 0x000001ecb692e800,
0x000001ecb6930800, 0x000001ecb6933000, 0x000001ecb7194000, 0x000001ecb7196000,
0x000001ecb719e800, 0x000001ecb72e9800, 0x000001ecb82a7000, 0x000001ecb88f8800,
0x000001ecb9d01800, 0x000001ecb836f800, 0x000001ecba1c6000, 0x000001ecb9d16000,
0x000001ecba5ba800, 0x000001ecba172800, 0x000001ecbaddc000, 0x000001ecbaddb000,
0x000001ecbaddc800, 0x000001ecbaddd800, 0x000001ecbadd8000, 0x000001ecbadde800,
0x000001ecbadda800, 0x000001ecbadd8800, 0x000001ecbadd9800, 0x000001ecb74a5800,
0x000001ecb74a2000, 0x000001ecb74a3000, 0x000001ecb74a4800, 0x000001ecb74a7000,
0x000001ecb74a6000, 0x000001ecb74aa000, 0x000001ecb74ae000, 0x000001ecb74ac000,
0x000001ecb74ab000, 0x000001ecb74ac800, 0x000001ecb74ad800, 0x000001ecb74a9800,
0x000001ecb74b0000, 0x000001ecb74b0800, 0x000001ecba722000, 0x000001ecba726000,
0x000001ecba722800, 0x000001ecba723800, 0x000001ecba721000, 0x000001ecba725000,
0x000001ecba727000, 0x000001ecbe1d5800, 0x000001ecba729800, 0x000001ecba728800,
0x000001ecba724800, 0x000001ecba72a000, 0x000001ecba72c800, 0x000001ecba72b000,
0x000001ecba72f000, 0x000001ecba72e000
}

Java Threads: ( => current thread )
  0x000001ec9c58d000 JavaThread "main" [_thread_blocked, id=15004, stack(0x000000a79e200000,0x000000a79e300000)]
  0x000001ecb7141800 JavaThread "Reference Handler" daemon [_thread_blocked, id=1212, stack(0x000000a79e900000,0x000000a79ea00000)]
  0x000001ecb7145000 JavaThread "Finalizer" daemon [_thread_blocked, id=13720, stack(0x000000a79ea00000,0x000000a79eb00000)]
  0x000001ecb692e800 JavaThread "Signal Dispatcher" daemon [_thread_blocked, id=11764, stack(0x000000a79eb00000,0x000000a79ec00000)]
  0x000001ecb6930800 JavaThread "Attach Listener" daemon [_thread_blocked, id=244, stack(0x000000a79ec00000,0x000000a79ed00000)]
  0x000001ecb6933000 JavaThread "Service Thread" daemon [_thread_blocked, id=14604, stack(0x000000a79ed00000,0x000000a79ee00000)]
  0x000001ecb7194000 JavaThread "C2 CompilerThread0" daemon [_thread_in_native, id=8744, stack(0x000000a79ee00000,0x000000a79ef00000)]
  0x000001ecb7196000 JavaThread "C1 CompilerThread0" daemon [_thread_blocked, id=13492, stack(0x000000a79ef00000,0x000000a79f000000)]
  0x000001ecb719e800 JavaThread "Sweeper thread" daemon [_thread_blocked, id=12076, stack(0x000000a79f000000,0x000000a79f100000)]
  0x000001ecb72e9800 JavaThread "Common-Cleaner" daemon [_thread_blocked, id=14384, stack(0x000000a79f100000,0x000000a79f200000)]
  0x000001ecb82a7000 JavaThread "Daemon health stats" [_thread_blocked, id=7036, stack(0x000000a79f700000,0x000000a79f800000)]
  0x000001ecb88f8800 JavaThread "Incoming local TCP Connector on port 59256" [_thread_in_native, id=1744, stack(0x000000a79f300000,0x000000a79f400000)]
  0x000001ecb9d01800 JavaThread "Daemon periodic checks" [_thread_blocked, id=2960, stack(0x000000a79f800000,0x000000a79f900000)]
  0x000001ecb836f800 JavaThread "Daemon" [_thread_blocked, id=7108, stack(0x000000a79f900000,0x000000a79fa00000)]
  0x000001ecba1c6000 JavaThread "Handler for socket connection from /127.0.0.1:59256 to /127.0.0.1:59257" [_thread_in_native, id=1976, stack(0x000000a79fa00000,0x000000a79fb00000)]
  0x000001ecb9d16000 JavaThread "Cancel handler" [_thread_blocked, id=3124, stack(0x000000a79fb00000,0x000000a79fc00000)]
  0x000001ecba5ba800 JavaThread "Daemon worker" [_thread_blocked, id=15220, stack(0x000000a79fc00000,0x000000a79fd00000)]
  0x000001ecba172800 JavaThread "Asynchronous log dispatcher for DefaultDaemonConnection: socket connection from /127.0.0.1:59256 to /127.0.0.1:59257" [_thread_blocked, id=14544, stack(0x000000a79fd00000,0x000000a79fe00000)]
  0x000001ecbaddc000 JavaThread "Stdin handler" [_thread_blocked, id=13620, stack(0x000000a79fe00000,0x000000a79ff00000)]
  0x000001ecbaddb000 JavaThread "Daemon client event forwarder" [_thread_blocked, id=8048, stack(0x000000a79ff00000,0x000000a7a0000000)]
  0x000001ecbaddc800 JavaThread "Cache worker for file hash cache (C:\Users\leoba\.gradle\caches\7.0.2\fileHashes)" [_thread_blocked, id=13688, stack(0x000000a7a0000000,0x000000a7a0100000)]
  0x000001ecbaddd800 JavaThread "File lock request listener" [_thread_in_native, id=14516, stack(0x000000a7a0100000,0x000000a7a0200000)]
  0x000001ecbadd8000 JavaThread "Cache worker for journal cache (C:\Users\leoba\.gradle\caches\journal-1)" [_thread_blocked, id=12072, stack(0x000000a7a0200000,0x000000a7a0300000)]
  0x000001ecbadde800 JavaThread "Cache worker for file hash cache (C:\Users\leoba\AndroidStudioProjects\TextRecognizer\RandomUserTest\.gradle\7.0.2\fileHashes)" [_thread_blocked, id=9124, stack(0x000000a7a0400000,0x000000a7a0500000)]
  0x000001ecbadda800 JavaThread "File watcher server" daemon [_thread_in_native, id=14676, stack(0x000000a7a0500000,0x000000a7a0600000)]
  0x000001ecbadd8800 JavaThread "File watcher consumer" daemon [_thread_blocked, id=13040, stack(0x000000a7a0600000,0x000000a7a0700000)]
  0x000001ecbadd9800 JavaThread "Cache worker for checksums cache (C:\Users\leoba\AndroidStudioProjects\TextRecognizer\RandomUserTest\.gradle\checksums)" [_thread_blocked, id=2856, stack(0x000000a7a0700000,0x000000a7a0800000)]
  0x000001ecb74a5800 JavaThread "Cache worker for cache directory md-supplier (C:\Users\leoba\.gradle\caches\7.0.2\md-supplier)" [_thread_blocked, id=14680, stack(0x000000a7a0800000,0x000000a7a0900000)]
  0x000001ecb74a2000 JavaThread "Cache worker for cache directory md-rule (C:\Users\leoba\.gradle\caches\7.0.2\md-rule)" [_thread_blocked, id=2356, stack(0x000000a7a0900000,0x000000a7a0a00000)]
  0x000001ecb74a3000 JavaThread "Cache worker for execution history cache (C:\Users\leoba\.gradle\caches\7.0.2\executionHistory)" [_thread_blocked, id=3432, stack(0x000000a7a0a00000,0x000000a7a0b00000)]
  0x000001ecb74a4800 JavaThread "jar transforms" [_thread_blocked, id=8120, stack(0x000000a7a0b00000,0x000000a7a0c00000)]
  0x000001ecb74a7000 JavaThread "jar transforms Thread 2" [_thread_blocked, id=9376, stack(0x000000a7a0c00000,0x000000a7a0d00000)]
  0x000001ecb74a6000 JavaThread "Cache worker for file content cache (C:\Users\leoba\.gradle\caches\7.0.2\fileContent)" [_thread_blocked, id=5576, stack(0x000000a7a0d00000,0x000000a7a0e00000)]
  0x000001ecb74aa000 JavaThread "Cache worker for dependencies-accessors (C:\Users\leoba\AndroidStudioProjects\TextRecognizer\RandomUserTest\.gradle\7.0.2\dependencies-accessors)" [_thread_blocked, id=11144, stack(0x000000a7a0e00000,0x000000a7a0f00000)]
  0x000001ecb74ae000 JavaThread "jar transforms Thread 3" [_thread_blocked, id=10528, stack(0x000000a7a0f00000,0x000000a7a1000000)]
  0x000001ecb74ac000 JavaThread "Cache worker for Build Output Cleanup Cache (C:\Users\leoba\AndroidStudioProjects\TextRecognizer\RandomUserTest\.gradle\buildOutputCleanup)" [_thread_blocked, id=11520, stack(0x000000a7a1000000,0x000000a7a1100000)]
  0x000001ecb74ab000 JavaThread "Build operations" [_thread_blocked, id=10220, stack(0x000000a7a1100000,0x000000a7a1200000)]
  0x000001ecb74ac800 JavaThread "Build operations Thread 2" [_thread_blocked, id=6092, stack(0x000000a7a1200000,0x000000a7a1300000)]
  0x000001ecb74ad800 JavaThread "Build operations Thread 3" [_thread_blocked, id=9116, stack(0x000000a7a1300000,0x000000a7a1400000)]
  0x000001ecb74a9800 JavaThread "Build operations Thread 4" [_thread_in_native, id=13524, stack(0x000000a7a1400000,0x000000a7a1500000)]
  0x000001ecb74b0000 JavaThread "jar transforms Thread 4" [_thread_blocked, id=8288, stack(0x000000a7a1500000,0x000000a7a1600000)]
  0x000001ecb74b0800 JavaThread "Memory manager" [_thread_blocked, id=2552, stack(0x000000a7a1700000,0x000000a7a1800000)]
  0x000001ecba722000 JavaThread "build event listener" [_thread_blocked, id=10664, stack(0x000000a7a1800000,0x000000a7a1900000)]
  0x000001ecba726000 JavaThread "build event listener" [_thread_blocked, id=10060, stack(0x000000a7a1900000,0x000000a7a1a00000)]
  0x000001ecba722800 JavaThread "Execution worker for ':'" [_thread_blocked, id=12240, stack(0x000000a7a1a00000,0x000000a7a1b00000)]
  0x000001ecba723800 JavaThread "Execution worker for ':' Thread 2" [_thread_blocked, id=5152, stack(0x000000a7a1b00000,0x000000a7a1c00000)]
  0x000001ecba721000 JavaThread "Execution worker for ':' Thread 3" [_thread_blocked, id=13924, stack(0x000000a7a1c00000,0x000000a7a1d00000)]
  0x000001ecba725000 JavaThread "Cache worker for execution history cache (C:\Users\leoba\AndroidStudioProjects\TextRecognizer\RandomUserTest\.gradle\7.0.2\executionHistory)" [_thread_blocked, id=12228, stack(0x000000a7a1d00000,0x000000a7a1e00000)]
  0x000001ecba727000 JavaThread "WorkerExecutor Queue" [_thread_blocked, id=15124, stack(0x000000a7a1e00000,0x000000a7a1f00000)]
=>0x000001ecbe1d5800 JavaThread "C2 CompilerThread1" daemon [_thread_in_native, id=3364, stack(0x000000a7a1600000,0x000000a7a1700000)]
  0x000001ecba729800 JavaThread "WorkerExecutor Queue Thread 2" [_thread_blocked, id=3596, stack(0x000000a7a2000000,0x000000a7a2100000)]
  0x000001ecba728800 JavaThread "WorkerExecutor Queue Thread 3" [_thread_blocked, id=2808, stack(0x000000a7a2300000,0x000000a7a2400000)]
  0x000001ecba724800 JavaThread "WorkerExecutor Queue Thread 4" [_thread_blocked, id=8168, stack(0x000000a7a2400000,0x000000a7a2500000)]
  0x000001ecba72a000 JavaThread "pool-3-thread-1" [_thread_blocked, id=9164, stack(0x000000a7a2500000,0x000000a7a2600000)]
  0x000001ecba72c800 JavaThread "stderr" [_thread_in_native, id=9736, stack(0x000000a7a2600000,0x000000a7a2700000)]
  0x000001ecba72b000 JavaThread "stdout" [_thread_in_native, id=15080, stack(0x000000a7a2700000,0x000000a7a2800000)]
  0x000001ecba72f000 JavaThread "stderr" [_thread_in_native, id=14984, stack(0x000000a7a2800000,0x000000a7a2900000)]
  0x000001ecba72e000 JavaThread "stdout" [_thread_in_native, id=7340, stack(0x000000a7a2900000,0x000000a7a2a00000)]

Other Threads:
  0x000001ecb691d000 VMThread "VM Thread" [stack: 0x000000a79e800000,0x000000a79e900000] [id=13992]
  0x000001ecb7302800 WatcherThread [stack: 0x000000a79f200000,0x000000a79f300000] [id=14932]
  0x000001ec9c5a6800 GCTaskThread "GC Thread#0" [stack: 0x000000a79e300000,0x000000a79e400000] [id=14212]
  0x000001ecb7b55000 GCTaskThread "GC Thread#1" [stack: 0x000000a79f400000,0x000000a79f500000] [id=204]
  0x000001ecb7db3800 GCTaskThread "GC Thread#2" [stack: 0x000000a79f500000,0x000000a79f600000] [id=7640]
  0x000001ecb7438800 GCTaskThread "GC Thread#3" [stack: 0x000000a79f600000,0x000000a79f700000] [id=504]
  0x000001ec9c5d7800 ConcurrentGCThread "G1 Main Marker" [stack: 0x000000a79e400000,0x000000a79e500000] [id=8016]
  0x000001ec9c5d9000 ConcurrentGCThread "G1 Conc#0" [stack: 0x000000a79e500000,0x000000a79e600000] [id=3272]
  0x000001ec9c66d800 ConcurrentGCThread "G1 Refine#0" [stack: 0x000000a79e600000,0x000000a79e700000] [id=10092]
  0x000001ecbb07e800 ConcurrentGCThread "G1 Refine#1" [stack: 0x000000a7a0300000,0x000000a7a0400000] [id=14700]
  0x000001ecbb084000 ConcurrentGCThread "G1 Refine#2" [stack: 0x000000a7a1f00000,0x000000a7a2000000] [id=13652]
  0x000001ecb6770800 ConcurrentGCThread "G1 Young RemSet Sampling" [stack: 0x000000a79e700000,0x000000a79e800000] [id=3088]

Threads with active compile tasks:
C2 CompilerThread0  48403 15564       4       jdk.internal.ref.PhantomCleanable::clear (12 bytes)
C2 CompilerThread1  48403 15522       4       com.sun.xml.internal.stream.events.XMLEventAllocatorImpl::getXMLEvent (634 bytes)

VM state:not at safepoint (normal execution)

VM Mutex/Monitor currently owned by a thread: None

Heap address: 0x0000000080000000, size: 2048 MB, Compressed Oops mode: 32-bit
Narrow klass base: 0x0000000000000000, Narrow klass shift: 3
Compressed class space size: 1073741824 Address: 0x0000000100000000

Heap:
 garbage-first heap   total 236544K, used 113779K [0x0000000080000000, 0x0000000100000000)
  region size 1024K, 19 young (19456K), 7 survivors (7168K)
 Metaspace       used 103339K, capacity 105636K, committed 105752K, reserved 1140736K
  class space    used 12712K, capacity 13521K, committed 13592K, reserved 1048576K
Heap Regions: E=young(eden), S=young(survivor), O=old, HS=humongous(starts), HC=humongous(continues), CS=collection set, F=free, A=archive, TAMS=top-at-mark-start (previous, next)
|   0|0x0000000080000000, 0x0000000080100000, 0x0000000080100000|100%| O|  |TAMS 0x0000000080100000, 0x0000000080000000| Untracked 
|   1|0x0000000080100000, 0x0000000080200000, 0x0000000080200000|100%| O|  |TAMS 0x0000000080200000, 0x0000000080100000| Untracked 
|   2|0x0000000080200000, 0x0000000080300000, 0x0000000080300000|100%| O|  |TAMS 0x0000000080300000, 0x0000000080200000| Untracked 
|   3|0x0000000080300000, 0x0000000080400000, 0x0000000080400000|100%|HS|  |TAMS 0x0000000080400000, 0x0000000080300000| Complete 
|   4|0x0000000080400000, 0x0000000080500000, 0x0000000080500000|100%|HC|  |TAMS 0x0000000080500000, 0x0000000080400000| Complete 
|   5|0x0000000080500000, 0x0000000080600000, 0x0000000080600000|100%|HC|  |TAMS 0x0000000080600000, 0x0000000080500000| Complete 
|   6|0x0000000080600000, 0x0000000080700000, 0x0000000080700000|100%| O|  |TAMS 0x0000000080700000, 0x0000000080600000| Untracked 
|   7|0x0000000080700000, 0x0000000080800000, 0x0000000080800000|100%| O|  |TAMS 0x0000000080800000, 0x0000000080700000| Untracked 
|   8|0x0000000080800000, 0x0000000080900000, 0x0000000080900000|100%| O|  |TAMS 0x0000000080900000, 0x0000000080800000| Untracked 
|   9|0x0000000080900000, 0x0000000080a00000, 0x0000000080a00000|100%| O|  |TAMS 0x0000000080a00000, 0x0000000080900000| Untracked 
|  10|0x0000000080a00000, 0x0000000080b00000, 0x0000000080b00000|100%| O|  |TAMS 0x0000000080b00000, 0x0000000080a00000| Untracked 
|  11|0x0000000080b00000, 0x0000000080c00000, 0x0000000080c00000|100%| O|  |TAMS 0x0000000080c00000, 0x0000000080b00000| Untracked 
|  12|0x0000000080c00000, 0x0000000080d00000, 0x0000000080d00000|100%| O|  |TAMS 0x0000000080d00000, 0x0000000080c00000| Untracked 
|  13|0x0000000080d00000, 0x0000000080e00000, 0x0000000080e00000|100%| O|  |TAMS 0x0000000080e00000, 0x0000000080d00000| Untracked 
|  14|0x0000000080e00000, 0x0000000080f00000, 0x0000000080f00000|100%| O|  |TAMS 0x0000000080f00000, 0x0000000080e00000| Untracked 
|  15|0x0000000080f00000, 0x0000000081000000, 0x0000000081000000|100%| O|  |TAMS 0x0000000081000000, 0x0000000080f00000| Untracked 
|  16|0x0000000081000000, 0x0000000081100000, 0x0000000081100000|100%|HS|  |TAMS 0x0000000081100000, 0x0000000081000000| Complete 
|  17|0x0000000081100000, 0x0000000081200000, 0x0000000081200000|100%|HS|  |TAMS 0x0000000081200000, 0x0000000081100000| Complete 
|  18|0x0000000081200000, 0x0000000081300000, 0x0000000081300000|100%|HS|  |TAMS 0x0000000081300000, 0x0000000081200000| Complete 
|  19|0x0000000081300000, 0x0000000081400000, 0x0000000081400000|100%|HS|  |TAMS 0x0000000081400000, 0x0000000081300000| Complete 
|  20|0x0000000081400000, 0x0000000081500000, 0x0000000081500000|100%|HC|  |TAMS 0x0000000081500000, 0x0000000081400000| Complete 
|  21|0x0000000081500000, 0x0000000081600000, 0x0000000081600000|100%|HC|  |TAMS 0x0000000081600000, 0x0000000081500000| Complete 
|  22|0x0000000081600000, 0x0000000081700000, 0x0000000081700000|100%| O|  |TAMS 0x0000000081700000, 0x0000000081600000| Untracked 
|  23|0x0000000081700000, 0x0000000081800000, 0x0000000081800000|100%| O|  |TAMS 0x0000000081800000, 0x0000000081700000| Untracked 
|  24|0x0000000081800000, 0x0000000081900000, 0x0000000081900000|100%| O|  |TAMS 0x0000000081900000, 0x0000000081800000| Untracked 
|  25|0x0000000081900000, 0x0000000081a00000, 0x0000000081a00000|100%| O|  |TAMS 0x0000000081a00000, 0x0000000081900000| Untracked 
|  26|0x0000000081a00000, 0x0000000081b00000, 0x0000000081b00000|100%| O|  |TAMS 0x0000000081b00000, 0x0000000081a00000| Untracked 
|  27|0x0000000081b00000, 0x0000000081c00000, 0x0000000081c00000|100%| O|  |TAMS 0x0000000081c00000, 0x0000000081b00000| Untracked 
|  28|0x0000000081c00000, 0x0000000081d00000, 0x0000000081d00000|100%| O|  |TAMS 0x0000000081d00000, 0x0000000081c00000| Untracked 
|  29|0x0000000081d00000, 0x0000000081e00000, 0x0000000081e00000|100%| O|  |TAMS 0x0000000081e00000, 0x0000000081d00000| Untracked 
|  30|0x0000000081e00000, 0x0000000081f00000, 0x0000000081f00000|100%|HS|  |TAMS 0x0000000081f00000, 0x0000000081e00000| Complete 
|  31|0x0000000081f00000, 0x0000000082000000, 0x0000000082000000|100%|HC|  |TAMS 0x0000000082000000, 0x0000000081f00000| Complete 
|  32|0x0000000082000000, 0x0000000082100000, 0x0000000082100000|100%| O|  |TAMS 0x0000000082100000, 0x0000000082000000| Untracked 
|  33|0x0000000082100000, 0x0000000082200000, 0x0000000082200000|100%| O|  |TAMS 0x0000000082200000, 0x0000000082100000| Untracked 
|  34|0x0000000082200000, 0x0000000082300000, 0x0000000082300000|100%| O|  |TAMS 0x0000000082300000, 0x0000000082200000| Untracked 
|  35|0x0000000082300000, 0x0000000082400000, 0x0000000082400000|100%| O|  |TAMS 0x0000000082400000, 0x0000000082300000| Untracked 
|  36|0x0000000082400000, 0x0000000082500000, 0x0000000082500000|100%| O|  |TAMS 0x0000000082500000, 0x0000000082400000| Untracked 
|  37|0x0000000082500000, 0x0000000082600000, 0x0000000082600000|100%| O|  |TAMS 0x0000000082600000, 0x0000000082500000| Untracked 
|  38|0x0000000082600000, 0x0000000082700000, 0x0000000082700000|100%| O|  |TAMS 0x0000000082700000, 0x0000000082600000| Untracked 
|  39|0x0000000082700000, 0x0000000082800000, 0x0000000082800000|100%| O|  |TAMS 0x0000000082800000, 0x0000000082700000| Untracked 
|  40|0x0000000082800000, 0x0000000082900000, 0x0000000082900000|100%| O|  |TAMS 0x0000000082900000, 0x0000000082800000| Untracked 
|  41|0x0000000082900000, 0x0000000082a00000, 0x0000000082a00000|100%| O|  |TAMS 0x0000000082a00000, 0x0000000082900000| Untracked 
|  42|0x0000000082a00000, 0x0000000082b00000, 0x0000000082b00000|100%| O|  |TAMS 0x0000000082b00000, 0x0000000082a00000| Untracked 
|  43|0x0000000082b00000, 0x0000000082c00000, 0x0000000082c00000|100%| O|  |TAMS 0x0000000082c00000, 0x0000000082b00000| Untracked 
|  44|0x0000000082c00000, 0x0000000082d00000, 0x0000000082d00000|100%| O|  |TAMS 0x0000000082d00000, 0x0000000082c00000| Untracked 
|  45|0x0000000082d00000, 0x0000000082e00000, 0x0000000082e00000|100%| O|  |TAMS 0x0000000082e00000, 0x0000000082d00000| Untracked 
|  46|0x0000000082e00000, 0x0000000082f00000, 0x0000000082f00000|100%| O|  |TAMS 0x0000000082f00000, 0x0000000082e00000| Untracked 
|  47|0x0000000082f00000, 0x0000000083000000, 0x0000000083000000|100%| O|  |TAMS 0x0000000083000000, 0x0000000082f00000| Untracked 
|  48|0x0000000083000000, 0x0000000083100000, 0x0000000083100000|100%| O|  |TAMS 0x0000000083100000, 0x0000000083000000| Untracked 
|  49|0x0000000083100000, 0x0000000083200000, 0x0000000083200000|100%| O|  |TAMS 0x0000000083200000, 0x0000000083100000| Untracked 
|  50|0x0000000083200000, 0x0000000083300000, 0x0000000083300000|100%| O|  |TAMS 0x0000000083300000, 0x0000000083200000| Untracked 
|  51|0x0000000083300000, 0x0000000083400000, 0x0000000083400000|100%| O|  |TAMS 0x0000000083400000, 0x0000000083300000| Untracked 
|  52|0x0000000083400000, 0x0000000083500000, 0x0000000083500000|100%| O|  |TAMS 0x0000000083500000, 0x0000000083400000| Untracked 
|  53|0x0000000083500000, 0x0000000083600000, 0x0000000083600000|100%| O|  |TAMS 0x0000000083600000, 0x0000000083500000| Untracked 
|  54|0x0000000083600000, 0x0000000083700000, 0x0000000083700000|100%| O|  |TAMS 0x0000000083700000, 0x0000000083600000| Untracked 
|  55|0x0000000083700000, 0x0000000083800000, 0x0000000083800000|100%| O|  |TAMS 0x0000000083800000, 0x0000000083700000| Untracked 
|  56|0x0000000083800000, 0x0000000083900000, 0x0000000083900000|100%| O|  |TAMS 0x0000000083900000, 0x0000000083800000| Untracked 
|  57|0x0000000083900000, 0x0000000083a00000, 0x0000000083a00000|100%| O|  |TAMS 0x0000000083a00000, 0x0000000083900000| Untracked 
|  58|0x0000000083a00000, 0x0000000083b00000, 0x0000000083b00000|100%| O|  |TAMS 0x0000000083b00000, 0x0000000083a00000| Untracked 
|  59|0x0000000083b00000, 0x0000000083c00000, 0x0000000083c00000|100%| O|  |TAMS 0x0000000083c00000, 0x0000000083b00000| Untracked 
|  60|0x0000000083c00000, 0x0000000083d00000, 0x0000000083d00000|100%| O|  |TAMS 0x0000000083d00000, 0x0000000083c00000| Untracked 
|  61|0x0000000083d00000, 0x0000000083e00000, 0x0000000083e00000|100%| O|  |TAMS 0x0000000083e00000, 0x0000000083d00000| Untracked 
|  62|0x0000000083e00000, 0x0000000083f00000, 0x0000000083f00000|100%| O|  |TAMS 0x0000000083f00000, 0x0000000083e00000| Untracked 
|  63|0x0000000083f00000, 0x0000000084000000, 0x0000000084000000|100%| O|  |TAMS 0x0000000084000000, 0x0000000083f00000| Untracked 
|  64|0x0000000084000000, 0x0000000084100000, 0x0000000084100000|100%| O|  |TAMS 0x0000000084100000, 0x0000000084000000| Untracked 
|  65|0x0000000084100000, 0x0000000084200000, 0x0000000084200000|100%| O|  |TAMS 0x0000000084200000, 0x0000000084100000| Untracked 
|  66|0x0000000084200000, 0x0000000084300000, 0x0000000084300000|100%| O|  |TAMS 0x0000000084300000, 0x0000000084200000| Untracked 
|  67|0x0000000084300000, 0x0000000084400000, 0x0000000084400000|100%| O|  |TAMS 0x0000000084400000, 0x0000000084300000| Untracked 
|  68|0x0000000084400000, 0x0000000084500000, 0x0000000084500000|100%| O|  |TAMS 0x0000000084500000, 0x0000000084400000| Untracked 
|  69|0x0000000084500000, 0x0000000084600000, 0x0000000084600000|100%| O|  |TAMS 0x0000000084600000, 0x0000000084500000| Untracked 
|  70|0x0000000084600000, 0x0000000084700000, 0x0000000084700000|100%| O|  |TAMS 0x0000000084700000, 0x0000000084600000| Untracked 
|  71|0x0000000084700000, 0x0000000084800000, 0x0000000084800000|100%| O|  |TAMS 0x0000000084800000, 0x0000000084700000| Untracked 
|  72|0x0000000084800000, 0x0000000084900000, 0x0000000084900000|100%| O|  |TAMS 0x0000000084900000, 0x0000000084800000| Untracked 
|  73|0x0000000084900000, 0x0000000084a00000, 0x0000000084a00000|100%| O|  |TAMS 0x0000000084a00000, 0x0000000084900000| Untracked 
|  74|0x0000000084a00000, 0x0000000084b00000, 0x0000000084b00000|100%| O|  |TAMS 0x0000000084b00000, 0x0000000084a00000| Untracked 
|  75|0x0000000084b00000, 0x0000000084c00000, 0x0000000084c00000|100%| O|  |TAMS 0x0000000084c00000, 0x0000000084b00000| Untracked 
|  76|0x0000000084c00000, 0x0000000084d00000, 0x0000000084d00000|100%| O|  |TAMS 0x0000000084d00000, 0x0000000084c00000| Untracked 
|  77|0x0000000084d00000, 0x0000000084e00000, 0x0000000084e00000|100%| O|  |TAMS 0x0000000084d00000, 0x0000000084d00000| Untracked 
|  78|0x0000000084e00000, 0x0000000084f00000, 0x0000000084f00000|100%| O|  |TAMS 0x0000000084e00000, 0x0000000084e00000| Untracked 
|  79|0x0000000084f00000, 0x0000000085000000, 0x0000000085000000|100%| O|  |TAMS 0x0000000084f00000, 0x0000000084f00000| Untracked 
|  80|0x0000000085000000, 0x000000008501cc00, 0x0000000085100000| 11%| O|  |TAMS 0x0000000085000000, 0x0000000085000000| Untracked 
|  81|0x0000000085100000, 0x0000000085100000, 0x0000000085200000|  0%| F|  |TAMS 0x0000000085100000, 0x0000000085100000| Untracked 
|  82|0x0000000085200000, 0x0000000085200000, 0x0000000085300000|  0%| F|  |TAMS 0x0000000085200000, 0x0000000085200000| Untracked 
|  83|0x0000000085300000, 0x0000000085300000, 0x0000000085400000|  0%| F|  |TAMS 0x0000000085300000, 0x0000000085300000| Untracked 
|  84|0x0000000085400000, 0x0000000085400000, 0x0000000085500000|  0%| F|  |TAMS 0x0000000085400000, 0x0000000085400000| Untracked 
|  85|0x0000000085500000, 0x0000000085500000, 0x0000000085600000|  0%| F|  |TAMS 0x0000000085500000, 0x0000000085500000| Untracked 
|  86|0x0000000085600000, 0x0000000085600000, 0x0000000085700000|  0%| F|  |TAMS 0x0000000085600000, 0x0000000085600000| Untracked 
|  87|0x0000000085700000, 0x0000000085700000, 0x0000000085800000|  0%| F|  |TAMS 0x0000000085700000, 0x0000000085700000| Untracked 
|  88|0x0000000085800000, 0x0000000085800000, 0x0000000085900000|  0%| F|  |TAMS 0x0000000085800000, 0x0000000085800000| Untracked 
|  89|0x0000000085900000, 0x0000000085900000, 0x0000000085a00000|  0%| F|  |TAMS 0x0000000085900000, 0x0000000085900000| Untracked 
|  90|0x0000000085a00000, 0x0000000085a00000, 0x0000000085b00000|  0%| F|  |TAMS 0x0000000085a00000, 0x0000000085a00000| Untracked 
|  91|0x0000000085b00000, 0x0000000085b00000, 0x0000000085c00000|  0%| F|  |TAMS 0x0000000085b00000, 0x0000000085b00000| Untracked 
|  92|0x0000000085c00000, 0x0000000085c00000, 0x0000000085d00000|  0%| F|  |TAMS 0x0000000085c00000, 0x0000000085c00000| Untracked 
|  93|0x0000000085d00000, 0x0000000085d00000, 0x0000000085e00000|  0%| F|  |TAMS 0x0000000085d00000, 0x0000000085d00000| Untracked 
|  94|0x0000000085e00000, 0x0000000085e00000, 0x0000000085f00000|  0%| F|  |TAMS 0x0000000085e00000, 0x0000000085e00000| Untracked 
|  95|0x0000000085f00000, 0x0000000086000000, 0x0000000086000000|100%| O|  |TAMS 0x0000000086000000, 0x0000000085f00000| Untracked 
|  96|0x0000000086000000, 0x0000000086100000, 0x0000000086100000|100%| O|  |TAMS 0x0000000086100000, 0x0000000086000000| Untracked 
|  97|0x0000000086100000, 0x0000000086200000, 0x0000000086200000|100%| O|  |TAMS 0x0000000086200000, 0x0000000086100000| Untracked 
|  98|0x0000000086200000, 0x0000000086300000, 0x0000000086300000|100%| O|  |TAMS 0x0000000086300000, 0x0000000086200000| Untracked 
|  99|0x0000000086300000, 0x0000000086400000, 0x0000000086400000|100%| O|  |TAMS 0x0000000086400000, 0x0000000086300000| Untracked 
| 100|0x0000000086400000, 0x0000000086500000, 0x0000000086500000|100%| O|  |TAMS 0x0000000086500000, 0x0000000086400000| Untracked 
| 101|0x0000000086500000, 0x0000000086600000, 0x0000000086600000|100%| O|  |TAMS 0x0000000086600000, 0x0000000086500000| Untracked 
| 102|0x0000000086600000, 0x0000000086600000, 0x0000000086700000|  0%| F|  |TAMS 0x0000000086600000, 0x0000000086600000| Untracked 
| 103|0x0000000086700000, 0x0000000086800000, 0x0000000086800000|100%| O|  |TAMS 0x0000000086800000, 0x0000000086700000| Untracked 
| 104|0x0000000086800000, 0x0000000086800000, 0x0000000086900000|  0%| F|  |TAMS 0x0000000086800000, 0x0000000086800000| Untracked 
| 105|0x0000000086900000, 0x0000000086a00000, 0x0000000086a00000|100%| O|  |TAMS 0x0000000086a00000, 0x0000000086900000| Untracked 
| 106|0x0000000086a00000, 0x0000000086b00000, 0x0000000086b00000|100%| O|  |TAMS 0x0000000086b00000, 0x0000000086a00000| Untracked 
| 107|0x0000000086b00000, 0x0000000086c00000, 0x0000000086c00000|100%| O|  |TAMS 0x0000000086c00000, 0x0000000086b00000| Untracked 
| 108|0x0000000086c00000, 0x0000000086d00000, 0x0000000086d00000|100%| O|  |TAMS 0x0000000086d00000, 0x0000000086c00000| Untracked 
| 109|0x0000000086d00000, 0x0000000086e00000, 0x0000000086e00000|100%| O|  |TAMS 0x0000000086dea000, 0x0000000086d00000| Untracked 
| 110|0x0000000086e00000, 0x0000000086e00000, 0x0000000086f00000|  0%| F|  |TAMS 0x0000000086e00000, 0x0000000086e00000| Untracked 
| 111|0x0000000086f00000, 0x0000000086f00000, 0x0000000087000000|  0%| F|  |TAMS 0x0000000086f00000, 0x0000000086f00000| Untracked 
| 112|0x0000000087000000, 0x0000000087000000, 0x0000000087100000|  0%| F|  |TAMS 0x0000000087000000, 0x0000000087000000| Untracked 
| 113|0x0000000087100000, 0x0000000087100000, 0x0000000087200000|  0%| F|  |TAMS 0x0000000087100000, 0x0000000087100000| Untracked 
| 114|0x0000000087200000, 0x0000000087200000, 0x0000000087300000|  0%| F|  |TAMS 0x0000000087200000, 0x0000000087200000| Untracked 
| 115|0x0000000087300000, 0x0000000087300000, 0x0000000087400000|  0%| F|  |TAMS 0x0000000087300000, 0x0000000087300000| Untracked 
| 116|0x0000000087400000, 0x0000000087400000, 0x0000000087500000|  0%| F|  |TAMS 0x0000000087400000, 0x0000000087400000| Untracked 
| 117|0x0000000087500000, 0x0000000087500000, 0x0000000087600000|  0%| F|  |TAMS 0x0000000087500000, 0x0000000087500000| Untracked 
| 118|0x0000000087600000, 0x0000000087600000, 0x0000000087700000|  0%| F|  |TAMS 0x0000000087600000, 0x0000000087600000| Untracked 
| 119|0x0000000087700000, 0x0000000087700000, 0x0000000087800000|  0%| F|  |TAMS 0x0000000087700000, 0x0000000087700000| Untracked 
| 120|0x0000000087800000, 0x0000000087800000, 0x0000000087900000|  0%| F|  |TAMS 0x0000000087800000, 0x0000000087800000| Untracked 
| 121|0x0000000087900000, 0x0000000087900000, 0x0000000087a00000|  0%| F|  |TAMS 0x0000000087900000, 0x0000000087900000| Untracked 
| 122|0x0000000087a00000, 0x0000000087a00000, 0x0000000087b00000|  0%| F|  |TAMS 0x0000000087a00000, 0x0000000087a00000| Untracked 
| 123|0x0000000087b00000, 0x0000000087b00000, 0x0000000087c00000|  0%| F|  |TAMS 0x0000000087b00000, 0x0000000087b00000| Untracked 
| 124|0x0000000087c00000, 0x0000000087c00000, 0x0000000087d00000|  0%| F|  |TAMS 0x0000000087c00000, 0x0000000087c00000| Untracked 
| 125|0x0000000087d00000, 0x0000000087d00000, 0x0000000087e00000|  0%| F|  |TAMS 0x0000000087d00000, 0x0000000087d00000| Untracked 
| 126|0x0000000087e00000, 0x0000000087e00000, 0x0000000087f00000|  0%| F|  |TAMS 0x0000000087e00000, 0x0000000087e00000| Untracked 
| 127|0x0000000087f00000, 0x0000000087f00000, 0x0000000088000000|  0%| F|  |TAMS 0x0000000087f00000, 0x0000000087f00000| Untracked 
| 128|0x0000000088000000, 0x0000000088000000, 0x0000000088100000|  0%| F|  |TAMS 0x0000000088000000, 0x0000000088000000| Untracked 
| 129|0x0000000088100000, 0x0000000088100000, 0x0000000088200000|  0%| F|  |TAMS 0x0000000088100000, 0x0000000088100000| Untracked 
| 130|0x0000000088200000, 0x0000000088300000, 0x0000000088300000|100%| O|  |TAMS 0x0000000088300000, 0x0000000088200000| Untracked 
| 131|0x0000000088300000, 0x0000000088300000, 0x0000000088400000|  0%| F|  |TAMS 0x0000000088300000, 0x0000000088300000| Untracked 
| 132|0x0000000088400000, 0x0000000088400000, 0x0000000088500000|  0%| F|  |TAMS 0x0000000088400000, 0x0000000088400000| Untracked 
| 133|0x0000000088500000, 0x0000000088500000, 0x0000000088600000|  0%| F|  |TAMS 0x0000000088500000, 0x0000000088500000| Untracked 
| 134|0x0000000088600000, 0x0000000088600000, 0x0000000088700000|  0%| F|  |TAMS 0x0000000088600000, 0x0000000088600000| Untracked 
| 135|0x0000000088700000, 0x0000000088700000, 0x0000000088800000|  0%| F|  |TAMS 0x0000000088700000, 0x0000000088700000| Untracked 
| 136|0x0000000088800000, 0x0000000088800000, 0x0000000088900000|  0%| F|  |TAMS 0x0000000088800000, 0x0000000088800000| Untracked 
| 137|0x0000000088900000, 0x0000000088900000, 0x0000000088a00000|  0%| F|  |TAMS 0x0000000088900000, 0x0000000088900000| Untracked 
| 138|0x0000000088a00000, 0x0000000088a00000, 0x0000000088b00000|  0%| F|  |TAMS 0x0000000088a00000, 0x0000000088a00000| Untracked 
| 139|0x0000000088b00000, 0x0000000088c00000, 0x0000000088c00000|100%| S|CS|TAMS 0x0000000088b00000, 0x0000000088b00000| Complete 
| 140|0x0000000088c00000, 0x0000000088d00000, 0x0000000088d00000|100%| S|CS|TAMS 0x0000000088c00000, 0x0000000088c00000| Complete 
| 141|0x0000000088d00000, 0x0000000088d00000, 0x0000000088e00000|  0%| F|  |TAMS 0x0000000088d00000, 0x0000000088d00000| Untracked 
| 142|0x0000000088e00000, 0x0000000088f00000, 0x0000000088f00000|100%| S|CS|TAMS 0x0000000088e00000, 0x0000000088e00000| Complete 
| 143|0x0000000088f00000, 0x0000000089000000, 0x0000000089000000|100%| S|CS|TAMS 0x0000000088f00000, 0x0000000088f00000| Complete 
| 144|0x0000000089000000, 0x0000000089100000, 0x0000000089100000|100%| S|CS|TAMS 0x0000000089000000, 0x0000000089000000| Complete 
| 145|0x0000000089100000, 0x0000000089200000, 0x0000000089200000|100%| S|CS|TAMS 0x0000000089100000, 0x0000000089100000| Complete 
| 146|0x0000000089200000, 0x0000000089300000, 0x0000000089300000|100%| S|CS|TAMS 0x0000000089200000, 0x0000000089200000| Complete 
| 147|0x0000000089300000, 0x0000000089300000, 0x0000000089400000|  0%| F|  |TAMS 0x0000000089300000, 0x0000000089300000| Untracked 
| 148|0x0000000089400000, 0x0000000089400000, 0x0000000089500000|  0%| F|  |TAMS 0x0000000089400000, 0x0000000089400000| Untracked 
| 149|0x0000000089500000, 0x0000000089500000, 0x0000000089600000|  0%| F|  |TAMS 0x0000000089500000, 0x0000000089500000| Untracked 
| 150|0x0000000089600000, 0x0000000089600000, 0x0000000089700000|  0%| F|  |TAMS 0x0000000089600000, 0x0000000089600000| Untracked 
| 151|0x0000000089700000, 0x0000000089700000, 0x0000000089800000|  0%| F|  |TAMS 0x0000000089700000, 0x0000000089700000| Untracked 
| 152|0x0000000089800000, 0x0000000089800000, 0x0000000089900000|  0%| F|  |TAMS 0x0000000089800000, 0x0000000089800000| Untracked 
| 153|0x0000000089900000, 0x0000000089900000, 0x0000000089a00000|  0%| F|  |TAMS 0x0000000089900000, 0x0000000089900000| Untracked 
| 154|0x0000000089a00000, 0x0000000089a00000, 0x0000000089b00000|  0%| F|  |TAMS 0x0000000089a00000, 0x0000000089a00000| Untracked 
| 155|0x0000000089b00000, 0x0000000089b00000, 0x0000000089c00000|  0%| F|  |TAMS 0x0000000089b00000, 0x0000000089b00000| Untracked 
| 156|0x0000000089c00000, 0x0000000089c00000, 0x0000000089d00000|  0%| F|  |TAMS 0x0000000089c00000, 0x0000000089c00000| Untracked 
| 157|0x0000000089d00000, 0x0000000089d00000, 0x0000000089e00000|  0%| F|  |TAMS 0x0000000089d00000, 0x0000000089d00000| Untracked 
| 158|0x0000000089e00000, 0x0000000089e00000, 0x0000000089f00000|  0%| F|  |TAMS 0x0000000089e00000, 0x0000000089e00000| Untracked 
| 159|0x0000000089f00000, 0x0000000089f00000, 0x000000008a000000|  0%| F|  |TAMS 0x0000000089f00000, 0x0000000089f00000| Untracked 
| 160|0x000000008a000000, 0x000000008a000000, 0x000000008a100000|  0%| F|  |TAMS 0x000000008a000000, 0x000000008a000000| Untracked 
| 161|0x000000008a100000, 0x000000008a100000, 0x000000008a200000|  0%| F|  |TAMS 0x000000008a100000, 0x000000008a100000| Untracked 
| 162|0x000000008a200000, 0x000000008a200000, 0x000000008a300000|  0%| F|  |TAMS 0x000000008a200000, 0x000000008a200000| Untracked 
| 163|0x000000008a300000, 0x000000008a300000, 0x000000008a400000|  0%| F|  |TAMS 0x000000008a300000, 0x000000008a300000| Untracked 
| 164|0x000000008a400000, 0x000000008a400000, 0x000000008a500000|  0%| F|  |TAMS 0x000000008a400000, 0x000000008a400000| Untracked 
| 165|0x000000008a500000, 0x000000008a500000, 0x000000008a600000|  0%| F|  |TAMS 0x000000008a500000, 0x000000008a500000| Untracked 
| 166|0x000000008a600000, 0x000000008a600000, 0x000000008a700000|  0%| F|  |TAMS 0x000000008a600000, 0x000000008a600000| Untracked 
| 167|0x000000008a700000, 0x000000008a700000, 0x000000008a800000|  0%| F|  |TAMS 0x000000008a700000, 0x000000008a700000| Untracked 
| 168|0x000000008a800000, 0x000000008a800000, 0x000000008a900000|  0%| F|  |TAMS 0x000000008a800000, 0x000000008a800000| Untracked 
| 169|0x000000008a900000, 0x000000008a900000, 0x000000008aa00000|  0%| F|  |TAMS 0x000000008a900000, 0x000000008a900000| Untracked 
| 170|0x000000008aa00000, 0x000000008aa00000, 0x000000008ab00000|  0%| F|  |TAMS 0x000000008aa00000, 0x000000008aa00000| Untracked 
| 171|0x000000008ab00000, 0x000000008ab00000, 0x000000008ac00000|  0%| F|  |TAMS 0x000000008ab00000, 0x000000008ab00000| Untracked 
| 172|0x000000008ac00000, 0x000000008ac00000, 0x000000008ad00000|  0%| F|  |TAMS 0x000000008ac00000, 0x000000008ac00000| Untracked 
| 173|0x000000008ad00000, 0x000000008ad00000, 0x000000008ae00000|  0%| F|  |TAMS 0x000000008ad00000, 0x000000008ad00000| Untracked 
| 174|0x000000008ae00000, 0x000000008ae00000, 0x000000008af00000|  0%| F|  |TAMS 0x000000008ae00000, 0x000000008ae00000| Untracked 
| 175|0x000000008af00000, 0x000000008af00000, 0x000000008b000000|  0%| F|  |TAMS 0x000000008af00000, 0x000000008af00000| Untracked 
| 176|0x000000008b000000, 0x000000008b000000, 0x000000008b100000|  0%| F|  |TAMS 0x000000008b000000, 0x000000008b000000| Untracked 
| 177|0x000000008b100000, 0x000000008b100000, 0x000000008b200000|  0%| F|  |TAMS 0x000000008b100000, 0x000000008b100000| Untracked 
| 178|0x000000008b200000, 0x000000008b200000, 0x000000008b300000|  0%| F|  |TAMS 0x000000008b200000, 0x000000008b200000| Untracked 
| 179|0x000000008b300000, 0x000000008b300000, 0x000000008b400000|  0%| F|  |TAMS 0x000000008b300000, 0x000000008b300000| Untracked 
| 180|0x000000008b400000, 0x000000008b400000, 0x000000008b500000|  0%| F|  |TAMS 0x000000008b400000, 0x000000008b400000| Untracked 
| 181|0x000000008b500000, 0x000000008b500000, 0x000000008b600000|  0%| F|  |TAMS 0x000000008b500000, 0x000000008b500000| Untracked 
| 182|0x000000008b600000, 0x000000008b600000, 0x000000008b700000|  0%| F|  |TAMS 0x000000008b600000, 0x000000008b600000| Untracked 
| 183|0x000000008b700000, 0x000000008b700000, 0x000000008b800000|  0%| F|  |TAMS 0x000000008b700000, 0x000000008b700000| Untracked 
| 184|0x000000008b800000, 0x000000008b800000, 0x000000008b900000|  0%| F|  |TAMS 0x000000008b800000, 0x000000008b800000| Untracked 
| 185|0x000000008b900000, 0x000000008b900000, 0x000000008ba00000|  0%| F|  |TAMS 0x000000008b900000, 0x000000008b900000| Untracked 
| 186|0x000000008ba00000, 0x000000008ba00000, 0x000000008bb00000|  0%| F|  |TAMS 0x000000008ba00000, 0x000000008ba00000| Untracked 
| 187|0x000000008bb00000, 0x000000008bb00000, 0x000000008bc00000|  0%| F|  |TAMS 0x000000008bb00000, 0x000000008bb00000| Untracked 
| 188|0x000000008bc00000, 0x000000008bc00000, 0x000000008bd00000|  0%| F|  |TAMS 0x000000008bc00000, 0x000000008bc00000| Untracked 
| 189|0x000000008bd00000, 0x000000008bd00000, 0x000000008be00000|  0%| F|  |TAMS 0x000000008bd00000, 0x000000008bd00000| Untracked 
| 190|0x000000008be00000, 0x000000008be00000, 0x000000008bf00000|  0%| F|  |TAMS 0x000000008be00000, 0x000000008be00000| Untracked 
| 191|0x000000008bf00000, 0x000000008bf00000, 0x000000008c000000|  0%| F|  |TAMS 0x000000008bf00000, 0x000000008bf00000| Untracked 
| 192|0x000000008c000000, 0x000000008c000000, 0x000000008c100000|  0%| F|  |TAMS 0x000000008c000000, 0x000000008c000000| Untracked 
| 193|0x000000008c100000, 0x000000008c100000, 0x000000008c200000|  0%| F|  |TAMS 0x000000008c100000, 0x000000008c100000| Untracked 
| 194|0x000000008c200000, 0x000000008c200000, 0x000000008c300000|  0%| F|  |TAMS 0x000000008c200000, 0x000000008c200000| Untracked 
| 195|0x000000008c300000, 0x000000008c300000, 0x000000008c400000|  0%| F|  |TAMS 0x000000008c300000, 0x000000008c300000| Untracked 
| 196|0x000000008c400000, 0x000000008c400000, 0x000000008c500000|  0%| F|  |TAMS 0x000000008c400000, 0x000000008c400000| Untracked 
| 197|0x000000008c500000, 0x000000008c500000, 0x000000008c600000|  0%| F|  |TAMS 0x000000008c500000, 0x000000008c500000| Untracked 
| 198|0x000000008c600000, 0x000000008c600000, 0x000000008c700000|  0%| F|  |TAMS 0x000000008c600000, 0x000000008c600000| Untracked 
| 199|0x000000008c700000, 0x000000008c700000, 0x000000008c800000|  0%| F|  |TAMS 0x000000008c700000, 0x000000008c700000| Untracked 
| 200|0x000000008c800000, 0x000000008c800000, 0x000000008c900000|  0%| F|  |TAMS 0x000000008c800000, 0x000000008c800000| Untracked 
| 201|0x000000008c900000, 0x000000008c900000, 0x000000008ca00000|  0%| F|  |TAMS 0x000000008c900000, 0x000000008c900000| Untracked 
| 202|0x000000008ca00000, 0x000000008ca00000, 0x000000008cb00000|  0%| F|  |TAMS 0x000000008ca00000, 0x000000008ca00000| Untracked 
| 203|0x000000008cb00000, 0x000000008cb00000, 0x000000008cc00000|  0%| F|  |TAMS 0x000000008cb00000, 0x000000008cb00000| Untracked 
| 204|0x000000008cc00000, 0x000000008cc00000, 0x000000008cd00000|  0%| F|  |TAMS 0x000000008cc00000, 0x000000008cc00000| Untracked 
| 205|0x000000008cd00000, 0x000000008cd00000, 0x000000008ce00000|  0%| F|  |TAMS 0x000000008cd00000, 0x000000008cd00000| Untracked 
| 206|0x000000008ce00000, 0x000000008ce00000, 0x000000008cf00000|  0%| F|  |TAMS 0x000000008ce00000, 0x000000008ce00000| Untracked 
| 207|0x000000008cf00000, 0x000000008cf00000, 0x000000008d000000|  0%| F|  |TAMS 0x000000008cf00000, 0x000000008cf00000| Untracked 
| 208|0x000000008d000000, 0x000000008d000000, 0x000000008d100000|  0%| F|  |TAMS 0x000000008d000000, 0x000000008d000000| Untracked 
| 209|0x000000008d100000, 0x000000008d100000, 0x000000008d200000|  0%| F|  |TAMS 0x000000008d100000, 0x000000008d100000| Untracked 
| 210|0x000000008d200000, 0x000000008d200000, 0x000000008d300000|  0%| F|  |TAMS 0x000000008d200000, 0x000000008d200000| Untracked 
| 211|0x000000008d300000, 0x000000008d300000, 0x000000008d400000|  0%| F|  |TAMS 0x000000008d300000, 0x000000008d300000| Untracked 
| 212|0x000000008d400000, 0x000000008d400000, 0x000000008d500000|  0%| F|  |TAMS 0x000000008d400000, 0x000000008d400000| Untracked 
| 213|0x000000008d500000, 0x000000008d500000, 0x000000008d600000|  0%| F|  |TAMS 0x000000008d500000, 0x000000008d500000| Untracked 
| 214|0x000000008d600000, 0x000000008d600000, 0x000000008d700000|  0%| F|  |TAMS 0x000000008d600000, 0x000000008d600000| Untracked 
| 215|0x000000008d700000, 0x000000008d700000, 0x000000008d800000|  0%| F|  |TAMS 0x000000008d700000, 0x000000008d700000| Untracked 
| 216|0x000000008d800000, 0x000000008d800000, 0x000000008d900000|  0%| F|  |TAMS 0x000000008d800000, 0x000000008d800000| Untracked 
| 217|0x000000008d900000, 0x000000008d900000, 0x000000008da00000|  0%| F|  |TAMS 0x000000008d900000, 0x000000008d900000| Untracked 
| 218|0x000000008da00000, 0x000000008da4a4f0, 0x000000008db00000| 29%| E|  |TAMS 0x000000008da00000, 0x000000008da00000| Complete 
| 219|0x000000008db00000, 0x000000008dc00000, 0x000000008dc00000|100%| E|CS|TAMS 0x000000008db00000, 0x000000008db00000| Complete 
| 220|0x000000008dc00000, 0x000000008dd00000, 0x000000008dd00000|100%| E|CS|TAMS 0x000000008dc00000, 0x000000008dc00000| Complete 
| 221|0x000000008dd00000, 0x000000008de00000, 0x000000008de00000|100%| E|CS|TAMS 0x000000008dd00000, 0x000000008dd00000| Complete 
| 222|0x000000008de00000, 0x000000008df00000, 0x000000008df00000|100%| E|CS|TAMS 0x000000008de00000, 0x000000008de00000| Complete 
| 223|0x000000008df00000, 0x000000008e000000, 0x000000008e000000|100%| E|CS|TAMS 0x000000008df00000, 0x000000008df00000| Complete 
| 224|0x000000008e000000, 0x000000008e100000, 0x000000008e100000|100%| E|CS|TAMS 0x000000008e000000, 0x000000008e000000| Complete 
| 225|0x000000008e100000, 0x000000008e200000, 0x000000008e200000|100%| E|CS|TAMS 0x000000008e100000, 0x000000008e100000| Complete 
| 226|0x000000008e200000, 0x000000008e300000, 0x000000008e300000|100%| E|CS|TAMS 0x000000008e200000, 0x000000008e200000| Complete 
| 227|0x000000008e300000, 0x000000008e400000, 0x000000008e400000|100%| E|CS|TAMS 0x000000008e300000, 0x000000008e300000| Complete 
| 228|0x000000008e400000, 0x000000008e500000, 0x000000008e500000|100%| E|CS|TAMS 0x000000008e400000, 0x000000008e400000| Complete 
| 229|0x000000008e500000, 0x000000008e600000, 0x000000008e600000|100%| E|  |TAMS 0x000000008e500000, 0x000000008e500000| Complete 
| 230|0x000000008e600000, 0x000000008e700000, 0x000000008e700000|100%| E|CS|TAMS 0x000000008e600000, 0x000000008e600000| Complete 

Card table byte_map: [0x000001ecafab0000,0x000001ecafeb0000] _byte_map_base: 0x000001ecaf6b0000

Marking Bits (Prev, Next): (CMBitMap*) 0x000001ec9c5cea30, (CMBitMap*) 0x000001ec9c5ce9f8
 Prev Bits: [0x000001ecb22b0000, 0x000001ecb42b0000)
 Next Bits: [0x000001ecb02b0000, 0x000001ecb22b0000)

Polling page: 0x000001ec9af20000

Metaspace:

Usage:
  Non-class:     89.96 MB capacity,    88.50 MB ( 98%) used,     1.18 MB (  1%) free+waste,   274.56 KB ( <1%) overhead. 
      Class:     13.20 MB capacity,    12.41 MB ( 94%) used,   689.72 KB (  5%) free+waste,   118.75 KB ( <1%) overhead. 
       Both:    103.16 MB capacity,   100.92 MB ( 98%) used,     1.86 MB (  2%) free+waste,   393.31 KB ( <1%) overhead. 

Virtual space:
  Non-class space:       90.00 MB reserved,      90.00 MB (100%) committed 
      Class space:        1.00 GB reserved,      13.27 MB (  1%) committed 
             Both:        1.09 GB reserved,     103.27 MB (  9%) committed 

Chunk freelists:
   Non-Class:  45.00 KB
       Class:  15.00 KB
        Both:  60.00 KB

MaxMetaspaceSize: 17179869184.00 GB
CompressedClassSpaceSize: 1.00 GB

CodeHeap 'non-profiled nmethods': size=120064Kb used=10392Kb max_used=10392Kb free=109671Kb
 bounds [0x000001eca7b40000, 0x000001eca8570000, 0x000001ecaf080000]
CodeHeap 'profiled nmethods': size=120000Kb used=35833Kb max_used=35833Kb free=84166Kb
 bounds [0x000001eca0610000, 0x000001eca2910000, 0x000001eca7b40000]
CodeHeap 'non-nmethods': size=5696Kb used=2308Kb max_used=2361Kb free=3387Kb
 bounds [0x000001eca0080000, 0x000001eca02f0000, 0x000001eca0610000]
 total_blobs=16357 nmethods=15434 adapters=832
 compilation: enabled
              stopped_count=0, restarted_count=0
 full_count=0

Compilation events (20 events):
Event: 48.297 Thread 0x000001ecb7196000 15551       3       com.android.aaptcompiler.ConfigDescriptionParsersKt::parseSmallestScreenWidthDp (108 bytes)
Event: 48.299 Thread 0x000001ecb7196000 nmethod 15551 0x000001eca28ff790 code [0x000001eca28ffb60, 0x000001eca2901018]
Event: 48.299 Thread 0x000001ecb7196000 15552       3       com.android.aaptcompiler.ConfigDescriptionParsersKt::parseScreenWidthDp (111 bytes)
Event: 48.301 Thread 0x000001ecb7196000 nmethod 15552 0x000001eca2901890 code [0x000001eca2901c60, 0x000001eca2903118]
Event: 48.301 Thread 0x000001ecb7196000 15553       3       com.android.aaptcompiler.ConfigDescriptionParsersKt::parseScreenLayoutSize (167 bytes)
Event: 48.302 Thread 0x000001ecb7196000 nmethod 15553 0x000001eca2903990 code [0x000001eca2903cc0, 0x000001eca2904c58]
Event: 48.302 Thread 0x000001ecb7196000 15554       3       com.android.aaptcompiler.ConfigDescriptionParsersKt::parseScreenLayoutLong (121 bytes)
Event: 48.304 Thread 0x000001ecb7196000 nmethod 15554 0x000001eca2905190 code [0x000001eca29054a0, 0x000001eca2906298]
Event: 48.304 Thread 0x000001ecb7196000 15555       3       com.android.aaptcompiler.ConfigDescriptionParsersKt::parseScreenRound (118 bytes)
Event: 48.305 Thread 0x000001ecb7196000 nmethod 15555 0x000001eca2906790 code [0x000001eca2906aa0, 0x000001eca2907898]
Event: 48.312 Thread 0x000001ecb7196000 15556       3       java.lang.String::valueOf (39 bytes)
Event: 48.313 Thread 0x000001ecb7196000 nmethod 15556 0x000001eca2907d90 code [0x000001eca2907fa0, 0x000001eca2908678]
Event: 48.327 Thread 0x000001ecb7196000 15557       3       com.android.aaptcompiler.ConfigDescriptionParsersKt::parseTouchscreen (134 bytes)
Event: 48.329 Thread 0x000001ecb7196000 nmethod 15557 0x000001eca2908890 code [0x000001eca2908ba0, 0x000001eca2909968]
Event: 48.329 Thread 0x000001ecb7196000 15558       3       com.android.aaptcompiler.ConfigDescriptionParsersKt::parseKeysHidden (145 bytes)
Event: 48.330 Thread 0x000001ecb7196000 nmethod 15558 0x000001eca2909e10 code [0x000001eca290a120, 0x000001eca290afe8]
Event: 48.331 Thread 0x000001ecb7196000 15559       3       com.android.aaptcompiler.ConfigDescriptionParsersKt::parseKeyboard (134 bytes)
Event: 48.332 Thread 0x000001ecb7196000 nmethod 15559 0x000001eca290b510 code [0x000001eca290b820, 0x000001eca290c5e8]
Event: 48.332 Thread 0x000001ecb7196000 15560       3       com.android.aaptcompiler.ConfigDescriptionParsersKt::parseNavHidden (122 bytes)
Event: 48.333 Thread 0x000001ecb7196000 nmethod 15560 0x000001eca290ca90 code [0x000001eca290cda0, 0x000001eca290db98]

GC Heap History (20 events):
Event: 35.332 GC heap before
{Heap before GC invocations=23 (full 0):
 garbage-first heap   total 236544K, used 118167K [0x0000000080000000, 0x0000000100000000)
  region size 1024K, 12 young (12288K), 4 survivors (4096K)
 Metaspace       used 90433K, capacity 92556K, committed 92824K, reserved 1130496K
  class space    used 11535K, capacity 12311K, committed 12440K, reserved 1048576K
}
Event: 35.351 GC heap after
{Heap after GC invocations=24 (full 0):
 garbage-first heap   total 236544K, used 117378K [0x0000000080000000, 0x0000000100000000)
  region size 1024K, 9 young (9216K), 9 survivors (9216K)
 Metaspace       used 90433K, capacity 92556K, committed 92824K, reserved 1130496K
  class space    used 11535K, capacity 12311K, committed 12440K, reserved 1048576K
}
Event: 36.922 GC heap before
{Heap before GC invocations=25 (full 0):
 garbage-first heap   total 236544K, used 182914K [0x0000000080000000, 0x0000000100000000)
  region size 1024K, 57 young (58368K), 9 survivors (9216K)
 Metaspace       used 94212K, capacity 96358K, committed 96664K, reserved 1132544K
  class space    used 11832K, capacity 12617K, committed 12696K, reserved 1048576K
}
Event: 36.952 GC heap after
{Heap after GC invocations=26 (full 0):
 garbage-first heap   total 236544K, used 122936K [0x0000000080000000, 0x0000000100000000)
  region size 1024K, 7 young (7168K), 7 survivors (7168K)
 Metaspace       used 94212K, capacity 96358K, committed 96664K, reserved 1132544K
  class space    used 11832K, capacity 12617K, committed 12696K, reserved 1048576K
}
Event: 37.609 GC heap before
{Heap before GC invocations=26 (full 0):
 garbage-first heap   total 236544K, used 171064K [0x0000000080000000, 0x0000000100000000)
  region size 1024K, 55 young (56320K), 7 survivors (7168K)
 Metaspace       used 94823K, capacity 96934K, committed 97176K, reserved 1134592K
  class space    used 11856K, capacity 12617K, committed 12696K, reserved 1048576K
}
Event: 37.617 GC heap after
{Heap after GC invocations=27 (full 0):
 garbage-first heap   total 236544K, used 121768K [0x0000000080000000, 0x0000000100000000)
  region size 1024K, 1 young (1024K), 1 survivors (1024K)
 Metaspace       used 94823K, capacity 96934K, committed 97176K, reserved 1134592K
  class space    used 11856K, capacity 12617K, committed 12696K, reserved 1048576K
}
Event: 39.141 GC heap before
{Heap before GC invocations=28 (full 0):
 garbage-first heap   total 236544K, used 155560K [0x0000000080000000, 0x0000000100000000)
  region size 1024K, 53 young (54272K), 1 survivors (1024K)
 Metaspace       used 96815K, capacity 99064K, committed 99480K, reserved 1136640K
  class space    used 12014K, capacity 12812K, committed 12952K, reserved 1048576K
}
Event: 39.147 GC heap after
{Heap after GC invocations=29 (full 0):
 garbage-first heap   total 236544K, used 103419K [0x0000000080000000, 0x0000000100000000)
  region size 1024K, 2 young (2048K), 2 survivors (2048K)
 Metaspace       used 96815K, capacity 99064K, committed 99480K, reserved 1136640K
  class space    used 12014K, capacity 12812K, committed 12952K, reserved 1048576K
}
Event: 39.584 GC heap before
{Heap before GC invocations=29 (full 0):
 garbage-first heap   total 236544K, used 111611K [0x0000000080000000, 0x0000000100000000)
  region size 1024K, 11 young (11264K), 2 survivors (2048K)
 Metaspace       used 96920K, capacity 99156K, committed 99480K, reserved 1136640K
  class space    used 12014K, capacity 12812K, committed 12952K, reserved 1048576K
}
Event: 39.593 GC heap after
{Heap after GC invocations=30 (full 0):
 garbage-first heap   total 236544K, used 94841K [0x0000000080000000, 0x0000000100000000)
  region size 1024K, 2 young (2048K), 2 survivors (2048K)
 Metaspace       used 96920K, capacity 99156K, committed 99480K, reserved 1136640K
  class space    used 12014K, capacity 12812K, committed 12952K, reserved 1048576K
}
Event: 41.280 GC heap before
{Heap before GC invocations=30 (full 0):
 garbage-first heap   total 236544K, used 164473K [0x0000000080000000, 0x0000000100000000)
  region size 1024K, 71 young (72704K), 2 survivors (2048K)
 Metaspace       used 100394K, capacity 102586K, committed 102936K, reserved 1138688K
  class space    used 12438K, capacity 13224K, committed 13336K, reserved 1048576K
}
Event: 41.288 GC heap after
{Heap after GC invocations=31 (full 0):
 garbage-first heap   total 236544K, used 96686K [0x0000000080000000, 0x0000000100000000)
  region size 1024K, 4 young (4096K), 4 survivors (4096K)
 Metaspace       used 100394K, capacity 102586K, committed 102936K, reserved 1138688K
  class space    used 12438K, capacity 13224K, committed 13336K, reserved 1048576K
}
Event: 42.217 GC heap before
{Heap before GC invocations=31 (full 0):
 garbage-first heap   total 236544K, used 169390K [0x0000000080000000, 0x0000000100000000)
  region size 1024K, 76 young (77824K), 4 survivors (4096K)
 Metaspace       used 102056K, capacity 104323K, committed 104472K, reserved 1140736K
  class space    used 12622K, capacity 13458K, committed 13592K, reserved 1048576K
}
Event: 42.234 GC heap after
{Heap after GC invocations=32 (full 0):
 garbage-first heap   total 236544K, used 99439K [0x0000000080000000, 0x0000000100000000)
  region size 1024K, 6 young (6144K), 6 survivors (6144K)
 Metaspace       used 102056K, capacity 104323K, committed 104472K, reserved 1140736K
  class space    used 12622K, capacity 13458K, committed 13592K, reserved 1048576K
}
Event: 43.932 GC heap before
{Heap before GC invocations=32 (full 0):
 garbage-first heap   total 236544K, used 175215K [0x0000000080000000, 0x0000000100000000)
  region size 1024K, 82 young (83968K), 6 survivors (6144K)
 Metaspace       used 102510K, capacity 104710K, committed 104984K, reserved 1140736K
  class space    used 12657K, capacity 13473K, committed 13592K, reserved 1048576K
}
Event: 43.949 GC heap after
{Heap after GC invocations=33 (full 0):
 garbage-first heap   total 236544K, used 100952K [0x0000000080000000, 0x0000000100000000)
  region size 1024K, 7 young (7168K), 7 survivors (7168K)
 Metaspace       used 102510K, capacity 104710K, committed 104984K, reserved 1140736K
  class space    used 12657K, capacity 13473K, committed 13592K, reserved 1048576K
}
Event: 45.494 GC heap before
{Heap before GC invocations=33 (full 0):
 garbage-first heap   total 236544K, used 178776K [0x0000000080000000, 0x0000000100000000)
  region size 1024K, 84 young (86016K), 7 survivors (7168K)
 Metaspace       used 102537K, capacity 104776K, committed 104984K, reserved 1140736K
  class space    used 12657K, capacity 13473K, committed 13592K, reserved 1048576K
}
Event: 45.507 GC heap after
{Heap after GC invocations=34 (full 0):
 garbage-first heap   total 236544K, used 102364K [0x0000000080000000, 0x0000000100000000)
  region size 1024K, 6 young (6144K), 6 survivors (6144K)
 Metaspace       used 102537K, capacity 104776K, committed 104984K, reserved 1140736K
  class space    used 12657K, capacity 13473K, committed 13592K, reserved 1048576K
}
Event: 47.863 GC heap before
{Heap before GC invocations=34 (full 0):
 garbage-first heap   total 236544K, used 182236K [0x0000000080000000, 0x0000000100000000)
  region size 1024K, 85 young (87040K), 6 survivors (6144K)
 Metaspace       used 103293K, capacity 105570K, committed 105752K, reserved 1140736K
  class space    used 12712K, capacity 13521K, committed 13592K, reserved 1048576K
}
Event: 47.877 GC heap after
{Heap after GC invocations=35 (full 0):
 garbage-first heap   total 236544K, used 103539K [0x0000000080000000, 0x0000000100000000)
  region size 1024K, 7 young (7168K), 7 survivors (7168K)
 Metaspace       used 103293K, capacity 105570K, committed 105752K, reserved 1140736K
  class space    used 12712K, capacity 13521K, committed 13592K, reserved 1048576K
}

Deoptimization events (20 events):
Event: 47.465 Thread 0x000001ecb74ac800 Uncommon trap: trap_request=0xffffffc6 fr.pc=0x000001eca843de50 relative=0x0000000000000110
Event: 47.465 Thread 0x000001ecb74ac800 Uncommon trap: reason=bimorphic_or_optimized_type_check action=maybe_recompile pc=0x000001eca843de50 method=java.io.BufferedOutputStream.flush()V @ 8 c2
Event: 47.465 Thread 0x000001ecb74ac800 DEOPT PACKING pc=0x000001eca843de50 sp=0x000000a7a12faf70
Event: 47.465 Thread 0x000001ecb74ac800 DEOPT UNPACKING pc=0x000001eca00a78af sp=0x000000a7a12faf30 mode 2
Event: 47.491 Thread 0x000001ecb74ac800 Uncommon trap: trap_request=0xffffff4d fr.pc=0x000001eca830ec30 relative=0x0000000000000e30
Event: 47.491 Thread 0x000001ecb74ac800 Uncommon trap: reason=unstable_if action=reinterpret pc=0x000001eca830ec30 method=com.sun.org.apache.xerces.internal.util.NamespaceSupport.getAllPrefixes()Ljava/util/Enumeration; @ 75 c2
Event: 47.491 Thread 0x000001ecb74ac800 DEOPT PACKING pc=0x000001eca830ec30 sp=0x000000a7a12fa700
Event: 47.491 Thread 0x000001ecb74ac800 DEOPT UNPACKING pc=0x000001eca00a78af sp=0x000000a7a12fa648 mode 2
Event: 47.491 Thread 0x000001ecb74ac800 Uncommon trap: trap_request=0xffffff4d fr.pc=0x000001eca82ed68c relative=0x000000000000034c
Event: 47.491 Thread 0x000001ecb74ac800 Uncommon trap: reason=unstable_if action=reinterpret pc=0x000001eca82ed68c method=com.sun.org.apache.xerces.internal.util.NamespaceSupport.getAllPrefixes()Ljava/util/Enumeration; @ 75 c2
Event: 47.491 Thread 0x000001ecb74ac800 DEOPT PACKING pc=0x000001eca82ed68c sp=0x000000a7a12fa410
Event: 47.491 Thread 0x000001ecb74ac800 DEOPT UNPACKING pc=0x000001eca00a78af sp=0x000000a7a12fa3b0 mode 2
Event: 47.521 Thread 0x000001ecb74ac800 Uncommon trap: trap_request=0xffffff4d fr.pc=0x000001eca85422cc relative=0x00000000000009cc
Event: 47.521 Thread 0x000001ecb74ac800 Uncommon trap: reason=unstable_if action=reinterpret pc=0x000001eca85422cc method=com.android.aaptcompiler.ResourceUtilsKt.parseReference(Ljava/lang/String;)Lcom/android/aaptcompiler/ReferenceInfo; @ 128 c2
Event: 47.521 Thread 0x000001ecb74ac800 DEOPT PACKING pc=0x000001eca85422cc sp=0x000000a7a12fab30
Event: 47.521 Thread 0x000001ecb74ac800 DEOPT UNPACKING pc=0x000001eca00a78af sp=0x000000a7a12faae8 mode 2
Event: 48.050 Thread 0x000001ecb74a9800 Uncommon trap: trap_request=0xffffff4d fr.pc=0x000001eca8327524 relative=0x00000000000002a4
Event: 48.050 Thread 0x000001ecb74a9800 Uncommon trap: reason=unstable_if action=reinterpret pc=0x000001eca8327524 method=com.android.aapt.Resources$SourcePosition.writeTo(Lcom/google/protobuf/CodedOutputStream;)V @ 4 c2
Event: 48.050 Thread 0x000001ecb74a9800 DEOPT PACKING pc=0x000001eca8327524 sp=0x000000a7a14faba0
Event: 48.050 Thread 0x000001ecb74a9800 DEOPT UNPACKING pc=0x000001eca00a78af sp=0x000000a7a14fab50 mode 2

Classes redefined (0 events):
No events

Internal exceptions (20 events):
Event: 45.706 Thread 0x000001ecb74ad800 Exception <a 'sun/nio/fs/WindowsException'{0x000000008dcea998}> (0x000000008dcea998) thrown at [./src/hotspot/share/prims/jni.cpp, line 615]
Event: 45.712 Thread 0x000001ecb74ab000 Exception <a 'sun/nio/fs/WindowsException'{0x000000008db05908}> (0x000000008db05908) thrown at [./src/hotspot/share/prims/jni.cpp, line 615]
Event: 45.749 Thread 0x000001ecb74a9800 Exception <a 'sun/nio/fs/WindowsException'{0x000000008dbdbfd0}> (0x000000008dbdbfd0) thrown at [./src/hotspot/share/prims/jni.cpp, line 615]
Event: 45.767 Thread 0x000001ecb74ac800 Exception <a 'sun/nio/fs/WindowsException'{0x000000008d7c0790}> (0x000000008d7c0790) thrown at [./src/hotspot/share/prims/jni.cpp, line 615]
Event: 45.779 Thread 0x000001ecb74ad800 Exception <a 'sun/nio/fs/WindowsException'{0x000000008d68d8b8}> (0x000000008d68d8b8) thrown at [./src/hotspot/share/prims/jni.cpp, line 615]
Event: 45.790 Thread 0x000001ecb74a9800 Exception <a 'sun/nio/fs/WindowsException'{0x000000008d5435c0}> (0x000000008d5435c0) thrown at [./src/hotspot/share/prims/jni.cpp, line 615]
Event: 45.793 Thread 0x000001ecb74ab000 Exception <a 'sun/nio/fs/WindowsException'{0x000000008dbba888}> (0x000000008dbba888) thrown at [./src/hotspot/share/prims/jni.cpp, line 615]
Event: 45.806 Thread 0x000001ecba5ba800 Exception <a 'sun/nio/fs/WindowsException'{0x000000008d413378}> (0x000000008d413378) thrown at [./src/hotspot/share/prims/jni.cpp, line 615]
Event: 45.820 Thread 0x000001ecb74ac800 Exception <a 'sun/nio/fs/WindowsException'{0x000000008d4c2540}> (0x000000008d4c2540) thrown at [./src/hotspot/share/prims/jni.cpp, line 615]
Event: 45.845 Thread 0x000001ecba5ba800 Exception <a 'sun/nio/fs/WindowsException'{0x000000008d360000}> (0x000000008d360000) thrown at [./src/hotspot/share/prims/jni.cpp, line 615]
Event: 45.907 Thread 0x000001ecb74ab000 Exception <a 'sun/nio/fs/WindowsException'{0x000000008cd99050}> (0x000000008cd99050) thrown at [./src/hotspot/share/prims/jni.cpp, line 615]
Event: 46.109 Thread 0x000001ecb74ad800 Exception <a 'sun/nio/fs/WindowsException'{0x000000008c6e8610}> (0x000000008c6e8610) thrown at [./src/hotspot/share/prims/jni.cpp, line 615]
Event: 46.111 Thread 0x000001ecb74ad800 Exception <a 'sun/nio/fs/WindowsException'{0x000000008c6f0d68}> (0x000000008c6f0d68) thrown at [./src/hotspot/share/prims/jni.cpp, line 615]
Event: 46.158 Thread 0x000001ecb74ad800 Exception <a 'sun/nio/fs/WindowsException'{0x000000008c6f6318}> (0x000000008c6f6318) thrown at [./src/hotspot/share/prims/jni.cpp, line 615]
Event: 47.279 Thread 0x000001ecb74ac800 Exception <a 'java/lang/NoSuchMethodError'{0x000000008a68c578}: 'void java.lang.invoke.DirectMethodHandle$Holder.invokeStatic(java.lang.Object, long)'> (0x000000008a68c578) thrown at [./src/hotspot/share/interpreter/linkResolver.cpp, line 773]
Event: 47.280 Thread 0x000001ecb74ac800 Exception <a 'java/lang/NoSuchMethodError'{0x000000008a691f88}: 'java.lang.Object java.lang.invoke.DirectMethodHandle$Holder.invokeStatic(java.lang.Object, long)'> (0x000000008a691f88) thrown at [./src/hotspot/share/interpreter/linkResolver.cpp, line 773]
Event: 47.281 Thread 0x000001ecb74ac800 Exception <a 'java/lang/NoSuchMethodError'{0x000000008a698858}: 'java.lang.Object java.lang.invoke.Invokers$Holder.linkToTargetMethod(long, java.lang.Object)'> (0x000000008a698858) thrown at [./src/hotspot/share/interpreter/linkResolver.cpp, line 773]
Event: 47.284 Thread 0x000001ecb74ac800 Exception <a 'java/lang/NoSuchMethodError'{0x000000008a6a1638}: 'java.lang.Object java.lang.invoke.DirectMethodHandle$Holder.invokeStaticInit(java.lang.Object, java.lang.Object, long, java.lang.Object)'> (0x000000008a6a1638) thrown at [./src/hotspot/share/interpreter/linkResolver.cpp, line 773]
Event: 47.284 Thread 0x000001ecb74ac800 Exception <a 'java/lang/NoSuchMethodError'{0x000000008a6a7d20}: 'java.lang.Object java.lang.invoke.DirectMethodHandle$Holder.invokeStatic(java.lang.Object, java.lang.Object, long)'> (0x000000008a6a7d20) thrown at [./src/hotspot/share/interpreter/linkResolver.cpp, line 773]
Event: 47.286 Thread 0x000001ecb74ac800 Exception <a 'java/lang/NoSuchMethodError'{0x000000008a6ae7e8}: 'java.lang.Object java.lang.invoke.Invokers$Holder.linkToTargetMethod(java.lang.Object, long, java.lang.Object)'> (0x000000008a6ae7e8) thrown at [./src/hotspot/share/interpreter/linkResolver.cpp, line 773]

Events (20 events):
Event: 47.440 loading class com/android/builder/internal/aapt/v2/Aapt2DaemonImpl$WaitForTaskCompletion
Event: 47.440 loading class com/android/builder/internal/aapt/v2/Aapt2DaemonImpl$WaitForTaskCompletion done
Event: 47.441 loading class com/android/builder/internal/aapt/v2/Aapt2DaemonUtil
Event: 47.441 loading class com/android/builder/internal/aapt/v2/Aapt2DaemonUtil done
Event: 47.442 loading class com/android/builder/internal/aapt/AaptException
Event: 47.442 loading class com/android/builder/internal/aapt/AaptException done
Event: 47.443 loading class com/android/builder/internal/aapt/v2/AaptV2CommandBuilder
Event: 47.443 loading class com/android/builder/internal/aapt/v2/AaptV2CommandBuilder done
Event: 47.445 Executing VM operation: RevokeBias
Event: 47.446 Executing VM operation: RevokeBias done
Event: 47.455 loading class com/android/builder/internal/aapt/v2/Aapt2DaemonImpl$WaitForTaskCompletion$Result$Succeeded
Event: 47.455 loading class com/android/builder/internal/aapt/v2/Aapt2DaemonImpl$WaitForTaskCompletion$Result$Succeeded done
Event: 47.455 loading class com/android/builder/internal/aapt/v2/Aapt2DaemonImpl$WaitForTaskCompletion$Result
Event: 47.455 loading class com/android/builder/internal/aapt/v2/Aapt2DaemonImpl$WaitForTaskCompletion$Result done
Event: 47.561 Executing VM operation: RevokeBias
Event: 47.561 Executing VM operation: RevokeBias done
Event: 47.863 Executing VM operation: G1CollectForAllocation
Event: 47.877 Executing VM operation: G1CollectForAllocation done
Event: 48.066 loading class com/android/ide/common/xml/ManifestData$Activity
Event: 48.066 loading class com/android/ide/common/xml/ManifestData$Activity done


Dynamic libraries:
0x00007ff6f1f30000 - 0x00007ff6f1f3a000 	C:\Program Files\Android\Android Studio4\jre\bin\java.exe
0x00007ff8596d0000 - 0x00007ff8598c7000 	C:\WINDOWS\SYSTEM32\ntdll.dll
0x00007ff8584d0000 - 0x00007ff85858d000 	C:\WINDOWS\System32\KERNEL32.DLL
0x00007ff857190000 - 0x00007ff85745d000 	C:\WINDOWS\System32\KERNELBASE.dll
0x00007ff856ec0000 - 0x00007ff856fc0000 	C:\WINDOWS\System32\ucrtbase.dll
0x00007ff839810000 - 0x00007ff839827000 	C:\Program Files\Android\Android Studio4\jre\bin\VCRUNTIME140.dll
0x00007ff8397f0000 - 0x00007ff839809000 	C:\Program Files\Android\Android Studio4\jre\bin\jli.dll
0x00007ff857c00000 - 0x00007ff857da0000 	C:\WINDOWS\System32\USER32.dll
0x00007ff857700000 - 0x00007ff857722000 	C:\WINDOWS\System32\win32u.dll
0x00007ff858730000 - 0x00007ff85875a000 	C:\WINDOWS\System32\GDI32.dll
0x00007ff83f150000 - 0x00007ff83f3ea000 	C:\WINDOWS\WinSxS\amd64_microsoft.windows.common-controls_6595b64144ccf1df_6.0.19041.1110_none_60b5254171f9507e\COMCTL32.dll
0x00007ff857080000 - 0x00007ff85718b000 	C:\WINDOWS\System32\gdi32full.dll
0x00007ff858960000 - 0x00007ff8589fe000 	C:\WINDOWS\System32\msvcrt.dll
0x00007ff856df0000 - 0x00007ff856e8d000 	C:\WINDOWS\System32\msvcp_win.dll
0x00007ff858b80000 - 0x00007ff858bb0000 	C:\WINDOWS\System32\IMM32.DLL
0x00007ff81f2b0000 - 0x00007ff81f34d000 	C:\Program Files\Android\Android Studio4\jre\bin\msvcp140.dll
0x00007fffd54c0000 - 0x00007fffd5f8f000 	C:\Program Files\Android\Android Studio4\jre\bin\server\jvm.dll
0x00007ff8588b0000 - 0x00007ff85895e000 	C:\WINDOWS\System32\ADVAPI32.dll
0x00007ff858bb0000 - 0x00007ff858c4c000 	C:\WINDOWS\System32\sechost.dll
0x00007ff858600000 - 0x00007ff858725000 	C:\WINDOWS\System32\RPCRT4.dll
0x00007ff858760000 - 0x00007ff858768000 	C:\WINDOWS\System32\PSAPI.DLL
0x00007ff8427f0000 - 0x00007ff8427f9000 	C:\WINDOWS\SYSTEM32\WSOCK32.dll
0x00007ff840bc0000 - 0x00007ff840be7000 	C:\WINDOWS\SYSTEM32\WINMM.dll
0x00007ff858590000 - 0x00007ff8585fb000 	C:\WINDOWS\System32\WS2_32.dll
0x00007ff84ec00000 - 0x00007ff84ec0a000 	C:\WINDOWS\SYSTEM32\VERSION.dll
0x00007ff854cf0000 - 0x00007ff854d02000 	C:\WINDOWS\SYSTEM32\kernel.appcore.dll
0x00007ff84cb20000 - 0x00007ff84cb31000 	C:\Program Files\Android\Android Studio4\jre\bin\verify.dll
0x00007ff8545a0000 - 0x00007ff854784000 	C:\WINDOWS\SYSTEM32\DBGHELP.DLL
0x00007ff84d990000 - 0x00007ff84d9bc000 	C:\WINDOWS\SYSTEM32\dbgcore.DLL
0x00007ff8575c0000 - 0x00007ff857642000 	C:\WINDOWS\System32\bcryptPrimitives.dll
0x00007ff84caf0000 - 0x00007ff84cb19000 	C:\Program Files\Android\Android Studio4\jre\bin\java.dll
0x00007ff84cae0000 - 0x00007ff84caeb000 	C:\Program Files\Android\Android Studio4\jre\bin\jimage.dll
0x00007ff845b00000 - 0x00007ff845b18000 	C:\Program Files\Android\Android Studio4\jre\bin\zip.dll
0x00007ff858c50000 - 0x00007ff859394000 	C:\WINDOWS\System32\SHELL32.dll
0x00007ff854ef0000 - 0x00007ff855684000 	C:\WINDOWS\SYSTEM32\windows.storage.dll
0x00007ff857ee0000 - 0x00007ff858234000 	C:\WINDOWS\System32\combase.dll
0x00007ff856850000 - 0x00007ff85687c000 	C:\WINDOWS\SYSTEM32\Wldp.dll
0x00007ff857da0000 - 0x00007ff857e4d000 	C:\WINDOWS\System32\SHCORE.dll
0x00007ff857ba0000 - 0x00007ff857bf5000 	C:\WINDOWS\System32\shlwapi.dll
0x00007ff856d30000 - 0x00007ff856d4f000 	C:\WINDOWS\SYSTEM32\profapi.dll
0x00007ff845ae0000 - 0x00007ff845afa000 	C:\Program Files\Android\Android Studio4\jre\bin\net.dll
0x00007ff84d030000 - 0x00007ff84d13a000 	C:\WINDOWS\SYSTEM32\WINHTTP.dll
0x00007ff8565b0000 - 0x00007ff85661a000 	C:\WINDOWS\system32\mswsock.dll
0x00007ff845ac0000 - 0x00007ff845ad4000 	C:\Program Files\Android\Android Studio4\jre\bin\nio.dll
0x00007ff83eed0000 - 0x00007ff83eef7000 	C:\Users\leoba\.gradle\native\8bec1ad78214c89d9ad589b4d07fe93259594b29d510b10fafb7a158f7737e5d\windows-amd64\native-platform.dll
0x00007ff81de00000 - 0x00007ff81df3d000 	C:\Users\leoba\.gradle\native\53dbd7edfb1c66fb8903c78663c9afc45aea4f116125fa6feffd364cf09443e8\windows-amd64\native-platform-file-events.dll
0x00007ff84cad0000 - 0x00007ff84cada000 	C:\Program Files\Android\Android Studio4\jre\bin\management.dll
0x00007ff845940000 - 0x00007ff84594c000 	C:\Program Files\Android\Android Studio4\jre\bin\management_ext.dll
0x00007ff8567a0000 - 0x00007ff8567b8000 	C:\WINDOWS\SYSTEM32\CRYPTSP.dll
0x00007ff855ec0000 - 0x00007ff855ef4000 	C:\WINDOWS\system32\rsaenh.dll
0x00007ff856e90000 - 0x00007ff856eb7000 	C:\WINDOWS\System32\bcrypt.dll
0x00007ff856cf0000 - 0x00007ff856d1e000 	C:\WINDOWS\SYSTEM32\USERENV.dll
0x00007ff8567c0000 - 0x00007ff8567cc000 	C:\WINDOWS\SYSTEM32\CRYPTBASE.dll
0x00007ff856250000 - 0x00007ff85628b000 	C:\WINDOWS\SYSTEM32\IPHLPAPI.DLL
0x00007ff8595d0000 - 0x00007ff8595d8000 	C:\WINDOWS\System32\NSI.dll
0x00007ff84d970000 - 0x00007ff84d987000 	C:\WINDOWS\SYSTEM32\dhcpcsvc6.DLL
0x00007ff84e040000 - 0x00007ff84e05d000 	C:\WINDOWS\SYSTEM32\dhcpcsvc.DLL
0x00007ff856290000 - 0x00007ff85635b000 	C:\WINDOWS\SYSTEM32\DNSAPI.dll
0x00007ff854280000 - 0x00007ff854310000 	C:\WINDOWS\system32\apphelp.dll

dbghelp: loaded successfully - version: 4.0.5 - missing functions: none
symbol engine: initialized successfully - sym options: 0x614 - pdb path: .;C:\Program Files\Android\Android Studio4\jre\bin;C:\WINDOWS\SYSTEM32;C:\WINDOWS\WinSxS\amd64_microsoft.windows.common-controls_6595b64144ccf1df_6.0.19041.1110_none_60b5254171f9507e;C:\Program Files\Android\Android Studio4\jre\bin\server;C:\Users\leoba\.gradle\native\8bec1ad78214c89d9ad589b4d07fe93259594b29d510b10fafb7a158f7737e5d\windows-amd64;C:\Users\leoba\.gradle\native\53dbd7edfb1c66fb8903c78663c9afc45aea4f116125fa6feffd364cf09443e8\windows-amd64

VM Arguments:
jvm_args: --add-opens=java.base/java.util=ALL-UNNAMED --add-opens=java.base/java.lang=ALL-UNNAMED --add-opens=java.base/java.lang.invoke=ALL-UNNAMED --add-opens=java.base/java.util=ALL-UNNAMED --add-opens=java.prefs/java.util.prefs=ALL-UNNAMED --add-opens=java.prefs/java.util.prefs=ALL-UNNAMED --add-opens=java.base/java.nio.charset=ALL-UNNAMED --add-opens=java.base/java.net=ALL-UNNAMED --add-opens=java.base/java.util.concurrent.atomic=ALL-UNNAMED -Xmx2048m -Dfile.encoding=UTF-8 -Duser.country=ES -Duser.language=es -Duser.variant 
java_command: org.gradle.launcher.daemon.bootstrap.GradleDaemon 7.0.2
java_class_path (initial): C:\Users\leoba\.gradle\wrapper\dists\gradle-7.0.2-bin\857tjihv64xamwrf0h14cai3r\gradle-7.0.2\lib\gradle-launcher-7.0.2.jar
Launcher Type: SUN_STANDARD

[Global flags]
     intx CICompilerCount                          = 3                                         {product} {ergonomic}
     uint ConcGCThreads                            = 1                                         {product} {ergonomic}
     uint G1ConcRefinementThreads                  = 4                                         {product} {ergonomic}
   size_t G1HeapRegionSize                         = 1048576                                   {product} {ergonomic}
    uintx GCDrainStackTargetSize                   = 64                                        {product} {ergonomic}
   size_t InitialHeapSize                          = 201326592                                 {product} {ergonomic}
   size_t MarkStackSize                            = 4194304                                   {product} {ergonomic}
   size_t MaxHeapSize                              = 2147483648                                {product} {command line}
   size_t MaxNewSize                               = 1287651328                                {product} {ergonomic}
   size_t MinHeapDeltaBytes                        = 1048576                                   {product} {ergonomic}
    uintx NonNMethodCodeHeapSize                   = 5830732                                {pd product} {ergonomic}
    uintx NonProfiledCodeHeapSize                  = 122913754                              {pd product} {ergonomic}
    uintx ProfiledCodeHeapSize                     = 122913754                              {pd product} {ergonomic}
    uintx ReservedCodeCacheSize                    = 251658240                              {pd product} {ergonomic}
     bool SegmentedCodeCache                       = true                                      {product} {ergonomic}
     bool UseCompressedClassPointers               = true                                 {lp64_product} {ergonomic}
     bool UseCompressedOops                        = true                                 {lp64_product} {ergonomic}
     bool UseG1GC                                  = true                                      {product} {ergonomic}
     bool UseLargePagesIndividualAllocation        = false                                  {pd product} {ergonomic}

Logging:
Log output configuration:
 #0: stdout all=warning uptime,level,tags
 #1: stderr all=off uptime,level,tags

Environment Variables:
PATH=C:\Program Files (x86)\Intel\Intel(R) Management Engine Components\iCLS\;C:\Program Files\Intel\Intel(R) Management Engine Components\iCLS\;C:\WINDOWS\system32;C:\WINDOWS;C:\WINDOWS\System32\Wbem;C:\WINDOWS\System32\WindowsPowerShell\v1.0\;C:\Program Files (x86)\Intel\Intel(R) Management Engine Components\DAL;C:\Program Files\Intel\Intel(R) Management Engine Components\DAL;C:\Program Files (x86)\Intel\Intel(R) Management Engine Components\IPT;C:\Program Files\Intel\Intel(R) Management Engine Components\IPT;c:\Program Files (x86)\Microsoft SQL Server\100\Tools\Binn\;c:\Program Files\Microsoft SQL Server\100\Tools\Binn\;c:\Program Files\Microsoft SQL Server\100\DTS\Binn\;c:\Program Files (x86)\Microsoft SQL Server\100\Tools\Binn\VSShell\Common7\IDE\;c:\Program Files (x86)\Microsoft SQL Server\100\DTS\Binn\;C:\WINDOWS\system32\config\systemprofile\.dnx\bin;C:\Program Files\Microsoft DNX\Dnvm\;C:\Program Files\Microsoft SQL Server\130\Tools\Binn\;C:\WINDOWS\System32\OpenSSH\;C:\Program Files\Git\cmd;C:\Users\leoba\AppData\Local\Microsoft\WindowsApps;C:\Users\leoba\AppData\Local\GitHubDesktop\bin;%USERPROFILE%\AppData\Local\Microsoft\WindowsApps;
USERNAME=leoba
OS=Windows_NT
PROCESSOR_IDENTIFIER=Intel64 Family 6 Model 142 Stepping 10, GenuineIntel



---------------  S Y S T E M  ---------------

OS: Windows 10 , 64 bit Build 19041 (10.0.19041.1741)
OS uptime: 1 days 21:54 hours

CPU:total 4 (initial active 4) (2 cores per cpu, 2 threads per core) family 6 model 142 stepping 10 microcode 0xb4, cmov, cx8, fxsr, mmx, sse, sse2, sse3, ssse3, sse4.1, sse4.2, popcnt, avx, avx2, aes, clmul, erms, 3dnowpref, lzcnt, ht, tsc, tscinvbit, bmi1, bmi2, adx, fma

Memory: 4k page, system-wide physical 12197M (482M free)
TotalPageFile size 12197M (AvailPageFile size 5M)
current process WorkingSet (physical memory assigned to process): 533M, peak: 533M
current process commit charge ("private bytes"): 565M, peak: 567M

vm_info: OpenJDK 64-Bit Server VM (11.0.10+0-b96-7249189) for windows-amd64 JRE (11.0.10+0-b96-7249189), built on Mar 31 2021 21:44:00 by "builder" with MS VC++ 14.0 (VS2015)

END.
